<?xml version="1.0" encoding="UTF-8"?>
<!-- Generated by org.testng.reporters.JUnitXMLReporter -->
<testsuite ignored="0" hostname="LAPTOP-4ID4R6FC" failures="0" tests="3" name="Test" time="77.035" errors="0" timestamp="2026-08-12T19:37:18 IST">
  <testcase classname="TestPackage.AddtocartTest" name="verifyAddProductsToCart" time="19.546"/>
  <testcase classname="TestPackage.AddtocartTest" name="verifyUpdateShoppingCart" time="14.732"/>
  <testcase classname="TestPackage.AddtocartTest" name="verifyCheckout" time="11.65"/>
</testsuite> <!-- Test -->
