<?xml version="1.0" encoding="UTF-8"?>
<testng-results ignored="0" total="3" passed="3" failed="0" skipped="0">
  <reporter-output>
  </reporter-output>
  <suite started-at="2026-08-12T19:36:01 IST" name="Suite" finished-at="2026-08-12T19:37:18 IST" duration-ms="77035">
    <groups>
    </groups>
    <test started-at="2026-08-12T19:36:01 IST" name="Test" finished-at="2026-08-12T19:37:18 IST" duration-ms="77035">
      <class name="TestPackage.AddtocartTest">
        <test-method is-config="true" signature="browsersetup()[pri:0, instance:TestPackage.AddtocartTest@302552ec]" started-at="2026-08-12T19:36:01 IST" name="browsersetup" finished-at="2026-08-12T19:36:07 IST" duration-ms="5557" status="PASS">
          <reporter-output>
          </reporter-output>
        </test-method> <!-- browsersetup -->
        <test-method is-config="true" signature="setupCartPage()[pri:0, instance:TestPackage.AddtocartTest@302552ec]" started-at="2026-08-12T19:36:07 IST" name="setupCartPage" finished-at="2026-08-12T19:36:12 IST" duration-ms="5450" status="PASS">
          <reporter-output>
          </reporter-output>
        </test-method> <!-- setupCartPage -->
        <test-method signature="verifyAddProductsToCart()[pri:1, instance:TestPackage.AddtocartTest@302552ec]" started-at="2026-08-12T19:36:12 IST" name="verifyAddProductsToCart" finished-at="2026-08-12T19:36:32 IST" duration-ms="19546" status="PASS">
          <reporter-output>
          </reporter-output>
        </test-method> <!-- verifyAddProductsToCart -->
        <test-method is-config="true" signature="setupCartPage()[pri:0, instance:TestPackage.AddtocartTest@302552ec]" started-at="2026-08-12T19:36:32 IST" name="setupCartPage" finished-at="2026-08-12T19:36:42 IST" duration-ms="9974" status="PASS">
          <reporter-output>
          </reporter-output>
        </test-method> <!-- setupCartPage -->
        <test-method signature="verifyUpdateShoppingCart()[pri:2, instance:TestPackage.AddtocartTest@302552ec]" started-at="2026-08-12T19:36:42 IST" name="verifyUpdateShoppingCart" finished-at="2026-08-12T19:36:57 IST" duration-ms="14732" status="PASS">
          <reporter-output>
          </reporter-output>
        </test-method> <!-- verifyUpdateShoppingCart -->
        <test-method is-config="true" signature="setupCartPage()[pri:0, instance:TestPackage.AddtocartTest@302552ec]" started-at="2026-08-12T19:36:57 IST" name="setupCartPage" finished-at="2026-08-12T19:37:07 IST" duration-ms="10012" status="PASS">
          <reporter-output>
          </reporter-output>
        </test-method> <!-- setupCartPage -->
        <test-method signature="verifyCheckout()[pri:3, instance:TestPackage.AddtocartTest@302552ec]" started-at="2026-08-12T19:37:07 IST" name="verifyCheckout" finished-at="2026-08-12T19:37:18 IST" duration-ms="11650" status="PASS">
          <reporter-output>
          </reporter-output>
        </test-method> <!-- verifyCheckout -->
      </class> <!-- TestPackage.AddtocartTest -->
    </test> <!-- Test -->
  </suite> <!-- Suite -->
</testng-results>
