<?xml version="1.0" encoding="UTF-8"?>
<!-- Generated by org.testng.reporters.JUnitReportReporter -->
<testsuite hostname="LAPTOP-4ID4R6FC" failures="0" tests="3" name="TestPackage.AddtocartTest" time="71.364" errors="0" timestamp="2026-08-12T19:37:19 IST" skipped="0">
  <testcase classname="TestPackage.AddtocartTest" name="verifyAddProductsToCart" time="29.520"/>
  <testcase classname="TestPackage.AddtocartTest" name="verifyUpdateShoppingCart" time="24.744"/>
  <testcase classname="TestPackage.AddtocartTest" name="verifyCheckout" time="17.100"/>
</testsuite> <!-- TestPackage.AddtocartTest -->
