<?xml version="1.0" encoding="UTF-8"?>
<!-- Generated by org.testng.reporters.JUnitReportReporter -->
<testsuite hostname="LAPTOP-4ID4R6FC" failures="0" tests="15" name="TestPackage.CommonFeaturesTest" time="28.491" errors="0" timestamp="2026-08-12T18:33:03 IST" skipped="0">
  <testcase classname="TestPackage.CommonFeaturesTest" name="VerifyApplicationURL" time="0.070"/>
  <testcase classname="TestPackage.CommonFeaturesTest" name="VerifyApplicationTitle" time="0.028"/>
  <testcase classname="TestPackage.CommonFeaturesTest" name="VerifyLogoDisplayed" time="0.063"/>
  <testcase classname="TestPackage.CommonFeaturesTest" name="verifyLogoNavigatesToHomePage" time="3.049"/>
  <testcase classname="TestPackage.CommonFeaturesTest" name="VerifyRegisterDisplayed" time="0.085"/>
  <testcase classname="TestPackage.CommonFeaturesTest" name="VerifyRegisterNavigation" time="0.821"/>
  <testcase classname="TestPackage.CommonFeaturesTest" name="VerifyLoginDisplayed" time="0.058"/>
  <testcase classname="TestPackage.CommonFeaturesTest" name="verifyLoginNavigation" time="3.824"/>
  <testcase classname="TestPackage.CommonFeaturesTest" name="verifyValidProductSearch" time="4.323"/>
  <testcase classname="TestPackage.CommonFeaturesTest" name="verifyInvalidProductSearch" time="4.132"/>
  <testcase classname="TestPackage.CommonFeaturesTest" name="verifyEmptyProductSearch" time="2.363"/>
  <testcase classname="TestPackage.CommonFeaturesTest" name="verifyNavigationMenuLinksDisplayed" time="0.232"/>
  <testcase classname="TestPackage.CommonFeaturesTest" name="verifyBooksNavigation" time="3.859"/>
  <testcase classname="TestPackage.CommonFeaturesTest" name="VerifyShoppingCartLinkIsClickable" time="4.888"/>
  <testcase classname="TestPackage.CommonFeaturesTest" name="verifyWishlistLinkIsClickable" time="0.696"/>
</testsuite> <!-- TestPackage.CommonFeaturesTest -->
