<?xml version="1.0" encoding="UTF-8"?>
<!-- Generated by org.testng.reporters.JUnitReportReporter -->
<testsuite hostname="LAPTOP-4ID4R6FC" failures="0" tests="8" name="TestPackage.RegisterTest" time="10.378" errors="0" timestamp="2026-08-12T18:33:03 IST" skipped="0">
  <testcase classname="TestPackage.RegisterTest" name="verifyRegisterPageHeading" time="0.797"/>
  <testcase classname="TestPackage.RegisterTest" name="VerifyFirstNameField" time="0.782"/>
  <testcase classname="TestPackage.RegisterTest" name="verifyLastNameField" time="0.785"/>
  <testcase classname="TestPackage.RegisterTest" name="verifyEmailField" time="0.988"/>
  <testcase classname="TestPackage.RegisterTest" name="verifyPasswordField" time="0.844"/>
  <testcase classname="TestPackage.RegisterTest" name="verifyConfirmPasswordField" time="0.823"/>
  <testcase classname="TestPackage.RegisterTest" name="verifyRegisterButton" time="0.869"/>
  <testcase classname="TestPackage.RegisterTest" name="VerifyRegistrationFunctionality" time="4.490"/>
</testsuite> <!-- TestPackage.RegisterTest -->
