<?xml version="1.0" encoding="UTF-8"?>
<!-- Generated by org.testng.reporters.JUnitReportReporter -->
<testsuite hostname="LAPTOP-4ID4R6FC" failures="0" tests="22" name="TestPackage.ProductTest" time="21.153" errors="0" timestamp="2026-08-12T18:33:03 IST" skipped="0">
  <testcase classname="TestPackage.ProductTest" name="VerifyingBooksMenu" time="0.052"/>
  <testcase classname="TestPackage.ProductTest" name="verifyComputersMenu" time="0.053"/>
  <testcase classname="TestPackage.ProductTest" name="verifyElectronicsMenu" time="0.047"/>
  <testcase classname="TestPackage.ProductTest" name="verifyApparelMenu" time="0.046"/>
  <testcase classname="TestPackage.ProductTest" name="verifyBooksPage" time="1.026"/>
  <testcase classname="TestPackage.ProductTest" name="verifyComputersPage" time="0.972"/>
  <testcase classname="TestPackage.ProductTest" name="verifyElectronicsPage" time="0.986"/>
  <testcase classname="TestPackage.ProductTest" name="verifyApparelPage" time="1.355"/>
  <testcase classname="TestPackage.ProductTest" name="verifySortByDropdownDisplayed" time="0.969"/>
  <testcase classname="TestPackage.ProductTest" name="verifySortByAtoZ" time="2.249"/>
  <testcase classname="TestPackage.ProductTest" name="verifySortByZtoA" time="2.206"/>
  <testcase classname="TestPackage.ProductTest" name="verifyViewAsDisplayed" time="0.949"/>
  <testcase classname="TestPackage.ProductTest" name="verifyListView" time="2.247"/>
  <testcase classname="TestPackage.ProductTest" name="verifyFilterByPriceDisplayed" time="1.116"/>
  <testcase classname="TestPackage.ProductTest" name="verifyUnder25Filter" time="1.747"/>
  <testcase classname="TestPackage.ProductTest" name="verifyComputingInternetProduct" time="2.193"/>
  <testcase classname="TestPackage.ProductTest" name="verifyProductImage" time="0.039"/>
  <testcase classname="TestPackage.ProductTest" name="verifyProductPrice" time="0.037"/>
  <testcase classname="TestPackage.ProductTest" name="verifyProductDescription" time="0.045"/>
  <testcase classname="TestPackage.ProductTest" name="verifyQuantityTextbox" time="0.045"/>
  <testcase classname="TestPackage.ProductTest" name="verifyAddToCartButton" time="0.046"/>
  <testcase classname="TestPackage.ProductTest" name="verifyProductPageAfterRefresh" time="2.728"/>
</testsuite> <!-- TestPackage.ProductTest -->
