<?xml version="1.0" encoding="UTF-8"?>
<!-- Generated by org.testng.reporters.JUnitReportReporter -->
<testsuite hostname="LAPTOP-4ID4R6FC" failures="0" tests="7" name="TestPackage.LoginTest" time="7.532" errors="0" timestamp="2026-08-12T18:33:03 IST" skipped="0">
  <testcase classname="TestPackage.LoginTest" name="verifyLoginHeading" time="0.868"/>
  <testcase classname="TestPackage.LoginTest" name="verifyEmailField" time="0.763"/>
  <testcase classname="TestPackage.LoginTest" name="verifyPasswordField" time="0.830"/>
  <testcase classname="TestPackage.LoginTest" name="verifyRememberMeCheckbox" time="0.770"/>
  <testcase classname="TestPackage.LoginTest" name="verifyLoginButton" time="0.764"/>
  <testcase classname="TestPackage.LoginTest" name="verifyForgotPasswordLink" time="0.866"/>
  <testcase classname="TestPackage.LoginTest" name="verifyLoginFunctionality" time="2.671"/>
</testsuite> <!-- TestPackage.LoginTest -->
